<?xml version="1.0" encoding="UTF-8"?>
<!-- Generated by org.testng.reporters.JUnitReportReporter -->
<testsuite hostname="sheereesh-PC" failures="0" tests="4" name="testRunners.TestRunners" time="24.274" errors="4" timestamp="2022-01-01T13:29:50 IST" skipped="0">
  <testcase classname="testRunners.TestRunners" name="runScenario" time="6.060">
    <error message="inStream parameter is null" type="java.lang.NullPointerException">
      <![CDATA[java.lang.NullPointerException: inStream parameter is null
at java.base/java.util.Objects.requireNonNull(Objects.java:233)
at java.base/java.util.Properties.load(Properties.java:407)
at util.PropertyReader.properyReader(PropertyReader.java:19)
at util.InvokeBrowser.invokeBrowser(InvokeBrowser.java:17)
at myHooks.MyHooks.invokeBrowser(MyHooks.java:14)
]]>
    </error>
  </testcase> <!-- runScenario -->
  <system-out/>
  <testcase classname="testRunners.TestRunners" name="runScenario" time="6.042">
    <error message="inStream parameter is null" type="java.lang.NullPointerException">
      <![CDATA[java.lang.NullPointerException: inStream parameter is null
at java.base/java.util.Objects.requireNonNull(Objects.java:233)
at java.base/java.util.Properties.load(Properties.java:407)
at util.PropertyReader.properyReader(PropertyReader.java:19)
at util.InvokeBrowser.invokeBrowser(InvokeBrowser.java:17)
at myHooks.MyHooks.invokeBrowser(MyHooks.java:14)
]]>
    </error>
  </testcase> <!-- runScenario -->
  <system-out/>
  <testcase classname="testRunners.TestRunners" name="runScenario" time="6.030">
    <error message="inStream parameter is null" type="java.lang.NullPointerException">
      <![CDATA[java.lang.NullPointerException: inStream parameter is null
at java.base/java.util.Objects.requireNonNull(Objects.java:233)
at java.base/java.util.Properties.load(Properties.java:407)
at util.PropertyReader.properyReader(PropertyReader.java:19)
at util.InvokeBrowser.invokeBrowser(InvokeBrowser.java:17)
at myHooks.MyHooks.invokeBrowser(MyHooks.java:14)
]]>
    </error>
  </testcase> <!-- runScenario -->
  <system-out/>
  <testcase classname="testRunners.TestRunners" name="runScenario" time="6.142">
    <error message="inStream parameter is null" type="java.lang.NullPointerException">
      <![CDATA[java.lang.NullPointerException: inStream parameter is null
at java.base/java.util.Objects.requireNonNull(Objects.java:233)
at java.base/java.util.Properties.load(Properties.java:407)
at util.PropertyReader.properyReader(PropertyReader.java:19)
at util.InvokeBrowser.invokeBrowser(InvokeBrowser.java:17)
at myHooks.MyHooks.invokeBrowser(MyHooks.java:14)
]]>
    </error>
  </testcase> <!-- runScenario -->
  <system-out/>
</testsuite> <!-- testRunners.TestRunners -->
